{
  "stats": {
    "suites": 1,
    "tests": 1,
    "passes": 1,
    "pending": 0,
    "failures": 0,
    "start": "2022-03-09T11:40:51.664Z",
    "end": "2022-03-09T11:40:58.212Z",
    "duration": 6548,
    "testsRegistered": 1,
    "passPercent": 100,
    "pendingPercent": 0,
    "other": 0,
    "hasOther": false,
    "skipped": 0,
    "hasSkipped": false
  },
  "results": [
    {
      "uuid": "1b2cf481-fb50-416b-869f-1289bf60875d",
      "title": "",
      "fullFile": "cypress/integration/testcases/openAccountTest.spec.js",
      "file": "cypress/integration/testcases/openAccountTest.spec.js",
      "beforeHooks": [],
      "afterHooks": [],
      "tests": [],
      "suites": [
        {
          "uuid": "af49f06e-a527-41e7-a946-dbb6e6443ddc",
          "title": "Open Customer account",
          "fullFile": "",
          "file": "",
          "beforeHooks": [],
          "afterHooks": [],
          "tests": [
            {
              "title": "Open account",
              "fullTitle": "Open Customer account Open account",
              "timedOut": null,
              "duration": 6529,
              "state": "passed",
              "speed": "medium",
              "pass": true,
              "fail": false,
              "pending": false,
              "context": null,
              "code": "homePage.loginAsBankManager();\naddCustomer.addCustomerDetails(data.firstname, data.lastname, data.postcode);\naddCustomer.validateAlert(data.alertmsg);\nopenAccount.openAccount(data.customer, data.currency);\nopenAccount.validateAlert(data.openAccountalert);",
              "err": {},
              "uuid": "a9182f4a-b392-4fe4-a6c2-657d8d264a72",
              "parentUUID": "af49f06e-a527-41e7-a946-dbb6e6443ddc",
              "isHook": false,
              "skipped": false
            }
          ],
          "suites": [],
          "passes": [
            "a9182f4a-b392-4fe4-a6c2-657d8d264a72"
          ],
          "failures": [],
          "pending": [],
          "skipped": [],
          "duration": 6529,
          "root": false,
          "rootEmpty": false,
          "_timeout": 2000
        }
      ],
      "passes": [],
      "failures": [],
      "pending": [],
      "skipped": [],
      "duration": 0,
      "root": true,
      "rootEmpty": true,
      "_timeout": 2000
    }
  ],
  "meta": {
    "mocha": {
      "version": "7.0.1"
    },
    "mochawesome": {
      "options": {
        "quiet": false,
        "reportFilename": "testresults",
        "saveHtml": true,
        "saveJson": true,
        "consoleReporter": "spec",
        "useInlineDiffs": false,
        "code": true
      },
      "version": "7.1.2"
    },
    "marge": {
      "options": {
        "reportDir": "cypress/reports",
        "reportFilename": "testresults",
        "overwrite": true,
        "html": true,
        "json": true,
        "charts": true
      },
      "version": "6.1.1"
    }
  }
}